<?xml version="1.0" encoding="UTF-8"?>
<!-- Generated by org.testng.reporters.JUnitXMLReporter -->
<testsuite hostname="Sahils-MacBook.local" ignored="2" name="Test" tests="3" failures="0" timestamp="2020-03-07T16:13:41 COT" time="28.174" errors="0">
  <testcase name="Login_Valid" time="6.987" classname="OrangeHRM_TestCases.Login_Valid_Test"/>
  <testcase name="Logout_OrangeCRM_Test" time="3.637" classname="OrangeHRM_TestCases.Logout_Test"/>
  <testcase name="userspage_navigation_test" time="1.474" classname="OrangeHRM_TestCases.Users_functionality_Test"/>
  <testcase name="@BeforeSuite setupsuite" time="0.0" classname="OrangeHRM_Utility.BaseClass">
    <ignored/>
  </testcase> <!-- @BeforeSuite setupsuite -->
  <testcase name="@BeforeSuite setupsuite" time="0.0" classname="OrangeHRM_Utility.BaseClass">
    <ignored/>
  </testcase> <!-- @BeforeSuite setupsuite -->
</testsuite> <!-- Test -->
