<?xml version="1.0" encoding="UTF-8"?>
<testsuite xmlns:xsi="http://www.w3.org/2001/XMLSchema-instance" xsi:noNamespaceSchemaLocation="https://maven.apache.org/surefire/maven-surefire-plugin/xsd/surefire-test-report-3.0.xsd" version="3.0" name="TestSuite" time="91.43" tests="8" errors="0" skipped="0" failures="3">
  <properties>
[...]
</properties>
  <testcase name="DashBoard_page_validation" classname="OrangeHRM_TestCases.Dashboard_Test" time="3.068"/>
  <testcase name="userspage_navigation_test" classname="OrangeHRM_TestCases.Admin_Users_Test" time="14.817"/>
  <testcase name="Search_System_User" classname="OrangeHRM_TestCases.Admin_Users_Test" time="0.139">
    <failure message="expected:&lt;John Smith&gt; but was:&lt;Fiona Grace&gt;" type="java.lang.AssertionError"><![CDATA[java.lang.AssertionError: expected:<John Smith> but was:<Fiona Grace>
	at OrangeHRM_TestCases.Admin_Users_Test.Search_System_User(Admin_Users_Test.java:61)
]]></failure>
    <system-out><![CDATA[Test Started : Name = Search_System_User
John Smith
Test Failed: Name = Search_System_User
]]></system-out>
  </testcase>
  <testcase name="AddNew_SystemUser" classname="OrangeHRM_TestCases.Admin_Users_Test" time="0.766">
    <failure message="org/openqa/selenium/support/ui/Select" type="java.lang.NoClassDefFoundError"><![CDATA[java.lang.NoClassDefFoundError: org/openqa/selenium/support/ui/Select
	at OrangeHRM_TestCases.Admin_Users_Test.AddNew_SystemUser(Admin_Users_Test.java:75)
Caused by: java.lang.ClassNotFoundException: org.openqa.selenium.support.ui.Select
	at OrangeHRM_TestCases.Admin_Users_Test.AddNew_SystemUser(Admin_Users_Test.java:75)
]]></failure>
    <system-out><![CDATA[Test Started : Name = AddNew_SystemUser
Test Failed: Name = AddNew_SystemUser
]]></system-out>
    <system-err><![CDATA[[1586384977.437][SEVERE]: Timed out receiving message from renderer: 0.100
]]></system-err>
  </testcase>
  <testcase name="Logout_OrangeCRM_Test" classname="OrangeHRM_TestCases.Logout_Test" time="5.028"/>
  <testcase name="Job_JobTitles_Navigation" classname="OrangeHRM_TestCases.Admin_Job_JobTitles_Test" time="5.84"/>
  <testcase name="Login_Valid" classname="OrangeHRM_TestCases.Login_Valid_Test" time="6.744"/>
  <testcase name="ValidateEmployeeList" classname="OrangeHRM_TestCases.PIM_EmployeeList_Test" time="12.716">
    <failure message="no such element: Unable to locate element: {&quot;method&quot;:&quot;xpath&quot;,&quot;selector&quot;:&quot;//table[@id=&apos;resultTable&apos;]//thead&quot;}&#10;  (Session info: chrome=80.0.3987.163)&#10;For documentation on this error, please visit: https://selenium.dev/exceptions/#no_such_element&#10;Build info: version: &apos;4.0.0-alpha-4&apos;, revision: &apos;c2d955b49e&apos;&#10;System info: host: &apos;Sahils-MacBook.local&apos;, ip: &apos;fe80:0:0:0:1807:458a:813a:1b30%en0&apos;, os.name: &apos;Mac OS X&apos;, os.arch: &apos;x86_64&apos;, os.version: &apos;10.13.6&apos;, java.version: &apos;1.8.0_241&apos;&#10;Driver info: org.openqa.selenium.chrome.ChromeDriver&#10;Capabilities {acceptInsecureCerts: false, browserName: chrome, browserVersion: 80.0.3987.163, chrome: {chromedriverVersion: 80.0.3987.16 (320f6526c1632..., userDataDir: /var/folders/ph/x_0_wbsd6tn...}, goog:chromeOptions: {debuggerAddress: localhost:50030}, javascriptEnabled: true, networkConnectionEnabled: false, pageLoadStrategy: normal, platform: MAC, platformName: MAC, proxy: Proxy(), setWindowRect: true, strictFileInteractability: false, timeouts: {implicit: 0, pageLoad: 300000, script: 30000}, unhandledPromptBehavior: dismiss and notify}&#10;Session ID: fd47f00ababb4edb7d396efea12962a6&#10;*** Element info: {Using=xpath, value=//table[@id=&apos;resultTable&apos;]//thead}" type="org.openqa.selenium.NoSuchElementException"><![CDATA[org.openqa.selenium.NoSuchElementException: 
no such element: Unable to locate element: {"method":"xpath","selector":"//table[@id='resultTable']//thead"}
  (Session info: chrome=80.0.3987.163)
For documentation on this error, please visit: https://selenium.dev/exceptions/#no_such_element
Build info: version: '4.0.0-alpha-4', revision: 'c2d955b49e'
System info: host: 'Sahils-MacBook.local', ip: 'fe80:0:0:0:1807:458a:813a:1b30%en0', os.name: 'Mac OS X', os.arch: 'x86_64', os.version: '10.13.6', java.version: '1.8.0_241'
Driver info: org.openqa.selenium.chrome.ChromeDriver
Capabilities {acceptInsecureCerts: false, browserName: chrome, browserVersion: 80.0.3987.163, chrome: {chromedriverVersion: 80.0.3987.16 (320f6526c1632..., userDataDir: /var/folders/ph/x_0_wbsd6tn...}, goog:chromeOptions: {debuggerAddress: localhost:50030}, javascriptEnabled: true, networkConnectionEnabled: false, pageLoadStrategy: normal, platform: MAC, platformName: MAC, proxy: Proxy(), setWindowRect: true, strictFileInteractability: false, timeouts: {implicit: 0, pageLoad: 300000, script: 30000}, unhandledPromptBehavior: dismiss and notify}
Session ID: fd47f00ababb4edb7d396efea12962a6
*** Element info: {Using=xpath, value=//table[@id='resultTable']//thead}
	at OrangeHRM_TestCases.PIM_EmployeeList_Test.ValidateEmployeeList(PIM_EmployeeList_Test.java:36)
]]></failure>
    <system-out><![CDATA[Test Started : Name = ValidateEmployeeList
driver = ChromeDriver: chrome on MAC (fd47f00ababb4edb7d396efea12962a6)
Test Failed: Name = ValidateEmployeeList
]]></system-out>
    <system-err><![CDATA[Starting ChromeDriver 80.0.3987.16 (320f6526c1632ad4f205ebce69b99a062ed78647-refs/branch-heads/3987@{#185}) on port 33997
Only local connections are allowed.
Please protect ports used by ChromeDriver and related test frameworks to prevent access by malicious code.
Apr 08, 2020 5:30:12 PM org.openqa.selenium.remote.ProtocolHandshake createSession
INFO: Detected dialect: W3C
[1586385014.347][SEVERE]: Timed out receiving message from renderer: 0.100
[1586385014.449][SEVERE]: Timed out receiving message from renderer: 0.100
[1586385014.551][SEVERE]: Timed out receiving message from renderer: 0.100
[1586385014.657][SEVERE]: Timed out receiving message from renderer: 0.100
[1586385014.758][SEVERE]: Timed out receiving message from renderer: 0.100
[1586385014.861][SEVERE]: Timed out receiving message from renderer: 0.100
[1586385014.965][SEVERE]: Timed out receiving message from renderer: 0.100
[1586385015.068][SEVERE]: Timed out receiving message from renderer: 0.100
[1586385015.172][SEVERE]: Timed out receiving message from renderer: 0.100
[1586385015.274][SEVERE]: Timed out receiving message from renderer: 0.100
[1586385015.376][SEVERE]: Timed out receiving message from renderer: 0.100
[1586385015.478][SEVERE]: Timed out receiving message from renderer: 0.100
[1586385015.690][SEVERE]: Timed out receiving message from renderer: 0.100
[1586385015.846][SEVERE]: Timed out receiving message from renderer: 0.100
[1586385017.370][SEVERE]: Timed out receiving message from renderer: 0.100
[1586385017.528][SEVERE]: Timed out receiving message from renderer: 0.100
]]></system-err>
  </testcase>
</testsuite>