<?xml version="1.0" encoding="UTF-8" ?>
<testsuite tests="3" failures="2" name="TestSuite" time="44.067" errors="0" skipped="0">
  <properties>
[...]
</properties>
  <testcase classname="OrangeHRM_TestCases.Login_Valid_Test" name="Login_Valid" time="8.137"/>
  <testcase classname="OrangeHRM_TestCases.Logout_Test" name="Logout_OrangeCRM_Test" time="31.624">
    <failure message="element not interactable
  (Session info: chrome=80.0.3987.149)
Build info: version: &apos;4.0.0-alpha-4&apos;, revision: &apos;c2d955b49e&apos;
System info: host: &apos;Sahils-MacBook.local&apos;, ip: &apos;fe80:0:0:0:18b8:7480:69f4:3e07%en0&apos;, os.name: &apos;Mac OS X&apos;, os.arch: &apos;x86_64&apos;, os.version: &apos;10.13.6&apos;, java.version: &apos;1.8.0_241&apos;
Driver info: org.openqa.selenium.chrome.ChromeDriver
Capabilities {acceptInsecureCerts: false, browserName: chrome, browserVersion: 80.0.3987.149, chrome: {chromedriverVersion: 80.0.3987.16 (320f6526c1632..., userDataDir: /var/folders/ph/x_0_wbsd6tn...}, goog:chromeOptions: {debuggerAddress: localhost:56416}, javascriptEnabled: true, networkConnectionEnabled: false, pageLoadStrategy: normal, platform: MAC, platformName: MAC, proxy: Proxy(), setWindowRect: true, strictFileInteractability: false, timeouts: {implicit: 0, pageLoad: 300000, script: 30000}, unhandledPromptBehavior: dismiss and notify}
Session ID: c66effa3ef606970ddf0a58c94de8015" type="org.openqa.selenium.ElementNotInteractableException">org.openqa.selenium.ElementNotInteractableException: element not interactable
  (Session info: chrome=80.0.3987.149)
Build info: version: &apos;4.0.0-alpha-4&apos;, revision: &apos;c2d955b49e&apos;
System info: host: &apos;Sahils-MacBook.local&apos;, ip: &apos;fe80:0:0:0:18b8:7480:69f4:3e07%en0&apos;, os.name: &apos;Mac OS X&apos;, os.arch: &apos;x86_64&apos;, os.version: &apos;10.13.6&apos;, java.version: &apos;1.8.0_241&apos;
Driver info: org.openqa.selenium.chrome.ChromeDriver
Capabilities {acceptInsecureCerts: false, browserName: chrome, browserVersion: 80.0.3987.149, chrome: {chromedriverVersion: 80.0.3987.16 (320f6526c1632..., userDataDir: /var/folders/ph/x_0_wbsd6tn...}, goog:chromeOptions: {debuggerAddress: localhost:56416}, javascriptEnabled: true, networkConnectionEnabled: false, pageLoadStrategy: normal, platform: MAC, platformName: MAC, proxy: Proxy(), setWindowRect: true, strictFileInteractability: false, timeouts: {implicit: 0, pageLoad: 300000, script: 30000}, unhandledPromptBehavior: dismiss and notify}
Session ID: c66effa3ef606970ddf0a58c94de8015
	at sun.reflect.NativeConstructorAccessorImpl.newInstance0(Native Method)
	at sun.reflect.NativeConstructorAccessorImpl.newInstance(NativeConstructorAccessorImpl.java:62)
	at sun.reflect.DelegatingConstructorAccessorImpl.newInstance(DelegatingConstructorAccessorImpl.java:45)
	at java.lang.reflect.Constructor.newInstance(Constructor.java:423)
	at org.openqa.selenium.remote.codec.w3c.W3CHttpResponseCodec.createException(W3CHttpResponseCodec.java:196)
	at org.openqa.selenium.remote.codec.w3c.W3CHttpResponseCodec.decode(W3CHttpResponseCodec.java:129)
	at org.openqa.selenium.remote.codec.w3c.W3CHttpResponseCodec.decode(W3CHttpResponseCodec.java:53)
	at org.openqa.selenium.remote.HttpCommandExecutor.execute(HttpCommandExecutor.java:161)
	at org.openqa.selenium.remote.service.DriverCommandExecutor.execute(DriverCommandExecutor.java:83)
	at org.openqa.selenium.remote.RemoteWebDriver.execute(RemoteWebDriver.java:582)
	at org.openqa.selenium.remote.RemoteWebElement.execute(RemoteWebElement.java:316)
	at org.openqa.selenium.remote.RemoteWebElement.click(RemoteWebElement.java:85)
	at OrangeHRM_Pages.Homepage.click_Logoutlink(Homepage.java:32)
	at OrangeHRM_Utility.Helper.LogoutMethod(Helper.java:66)
	at OrangeHRM_TestCases.Logout_Test.Logout_OrangeCRM_Test(Logout_Test.java:19)
</failure>
    <system-out>Test Started : Name = Logout_OrangeCRM_Test
driver = ChromeDriver: chrome on MAC (c66effa3ef606970ddf0a58c94de8015)
Test Failed: Name = Logout_OrangeCRM_Test
</system-out>
    <system-err>Starting ChromeDriver 80.0.3987.16 (320f6526c1632ad4f205ebce69b99a062ed78647-refs/branch-heads/3987@{#185}) on port 8606
Only local connections are allowed.
Please protect ports used by ChromeDriver and related test frameworks to prevent access by malicious code.
Mar 19, 2020 7:43:58 PM org.openqa.selenium.remote.ProtocolHandshake createSession
INFO: Detected dialect: W3C
[1584665039.235][SEVERE]: Timed out receiving message from renderer: 0.100
[1584665039.338][SEVERE]: Timed out receiving message from renderer: 0.100
[1584665039.441][SEVERE]: Timed out receiving message from renderer: 0.100
[1584665039.544][SEVERE]: Timed out receiving message from renderer: 0.100
[1584665039.647][SEVERE]: Timed out receiving message from renderer: 0.100
[1584665039.750][SEVERE]: Timed out receiving message from renderer: 0.100
[1584665039.852][SEVERE]: Timed out receiving message from renderer: 0.100
[1584665039.955][SEVERE]: Timed out receiving message from renderer: 0.100
[1584665040.058][SEVERE]: Timed out receiving message from renderer: 0.100
[1584665040.160][SEVERE]: Timed out receiving message from renderer: 0.100
[1584665040.263][SEVERE]: Timed out receiving message from renderer: 0.100
[1584665040.365][SEVERE]: Timed out receiving message from renderer: 0.100
[1584665040.468][SEVERE]: Timed out receiving message from renderer: 0.100
[1584665040.570][SEVERE]: Timed out receiving message from renderer: 0.100
[1584665040.672][SEVERE]: Timed out receiving message from renderer: 0.100
[1584665040.775][SEVERE]: Timed out receiving message from renderer: 0.100
[1584665040.878][SEVERE]: Timed out receiving message from renderer: 0.100
[1584665040.981][SEVERE]: Timed out receiving message from renderer: 0.100
[1584665041.084][SEVERE]: Timed out receiving message from renderer: 0.100
[1584665041.214][SEVERE]: Timed out receiving message from renderer: 0.100
[1584665041.316][SEVERE]: Timed out receiving message from renderer: 0.100
[1584665041.419][SEVERE]: Timed out receiving message from renderer: 0.100
[1584665041.521][SEVERE]: Timed out receiving message from renderer: 0.100
[1584665043.008][SEVERE]: Timed out receiving message from renderer: 0.100
</system-err>
  </testcase>
  <testcase classname="OrangeHRM_TestCases.Users_functionality_Test" name="userspage_navigation_test" time="4.306">
    <failure message="move target out of bounds
  (Session info: chrome=80.0.3987.149)
Build info: version: &apos;4.0.0-alpha-4&apos;, revision: &apos;c2d955b49e&apos;
System info: host: &apos;Sahils-MacBook.local&apos;, ip: &apos;fe80:0:0:0:18b8:7480:69f4:3e07%en0&apos;, os.name: &apos;Mac OS X&apos;, os.arch: &apos;x86_64&apos;, os.version: &apos;10.13.6&apos;, java.version: &apos;1.8.0_241&apos;
Driver info: org.openqa.selenium.chrome.ChromeDriver
Capabilities {acceptInsecureCerts: false, browserName: chrome, browserVersion: 80.0.3987.149, chrome: {chromedriverVersion: 80.0.3987.16 (320f6526c1632..., userDataDir: /var/folders/ph/x_0_wbsd6tn...}, goog:chromeOptions: {debuggerAddress: localhost:56444}, javascriptEnabled: true, networkConnectionEnabled: false, pageLoadStrategy: normal, platform: MAC, platformName: MAC, proxy: Proxy(), setWindowRect: true, strictFileInteractability: false, timeouts: {implicit: 0, pageLoad: 300000, script: 30000}, unhandledPromptBehavior: dismiss and notify}
Session ID: b693cdee2cd07f7b705efcee8ff11174" type="org.openqa.selenium.interactions.MoveTargetOutOfBoundsException">org.openqa.selenium.interactions.MoveTargetOutOfBoundsException: move target out of bounds
  (Session info: chrome=80.0.3987.149)
Build info: version: &apos;4.0.0-alpha-4&apos;, revision: &apos;c2d955b49e&apos;
System info: host: &apos;Sahils-MacBook.local&apos;, ip: &apos;fe80:0:0:0:18b8:7480:69f4:3e07%en0&apos;, os.name: &apos;Mac OS X&apos;, os.arch: &apos;x86_64&apos;, os.version: &apos;10.13.6&apos;, java.version: &apos;1.8.0_241&apos;
Driver info: org.openqa.selenium.chrome.ChromeDriver
Capabilities {acceptInsecureCerts: false, browserName: chrome, browserVersion: 80.0.3987.149, chrome: {chromedriverVersion: 80.0.3987.16 (320f6526c1632..., userDataDir: /var/folders/ph/x_0_wbsd6tn...}, goog:chromeOptions: {debuggerAddress: localhost:56444}, javascriptEnabled: true, networkConnectionEnabled: false, pageLoadStrategy: normal, platform: MAC, platformName: MAC, proxy: Proxy(), setWindowRect: true, strictFileInteractability: false, timeouts: {implicit: 0, pageLoad: 300000, script: 30000}, unhandledPromptBehavior: dismiss and notify}
Session ID: b693cdee2cd07f7b705efcee8ff11174
	at sun.reflect.NativeConstructorAccessorImpl.newInstance0(Native Method)
	at sun.reflect.NativeConstructorAccessorImpl.newInstance(NativeConstructorAccessorImpl.java:62)
	at sun.reflect.DelegatingConstructorAccessorImpl.newInstance(DelegatingConstructorAccessorImpl.java:45)
	at java.lang.reflect.Constructor.newInstance(Constructor.java:423)
	at org.openqa.selenium.remote.codec.w3c.W3CHttpResponseCodec.createException(W3CHttpResponseCodec.java:196)
	at org.openqa.selenium.remote.codec.w3c.W3CHttpResponseCodec.decode(W3CHttpResponseCodec.java:129)
	at org.openqa.selenium.remote.codec.w3c.W3CHttpResponseCodec.decode(W3CHttpResponseCodec.java:53)
	at org.openqa.selenium.remote.HttpCommandExecutor.execute(HttpCommandExecutor.java:161)
	at org.openqa.selenium.remote.service.DriverCommandExecutor.execute(DriverCommandExecutor.java:83)
	at org.openqa.selenium.remote.RemoteWebDriver.execute(RemoteWebDriver.java:582)
	at org.openqa.selenium.remote.RemoteWebDriver.perform(RemoteWebDriver.java:652)
	at org.openqa.selenium.interactions.Actions$BuiltAction.perform(Actions.java:613)
	at org.openqa.selenium.interactions.Actions.perform(Actions.java:569)
	at OrangeHRM_TestCases.Users_functionality_Test.userspage_navigation_test(Users_functionality_Test.java:27)
</failure>
    <system-out>Test Started : Name = userspage_navigation_test
driver = ChromeDriver: chrome on MAC (b693cdee2cd07f7b705efcee8ff11174)
Failing here1
Failing here2
Test Failed: Name = userspage_navigation_test
</system-out>
    <system-err>Starting ChromeDriver 80.0.3987.16 (320f6526c1632ad4f205ebce69b99a062ed78647-refs/branch-heads/3987@{#185}) on port 46910
Only local connections are allowed.
Please protect ports used by ChromeDriver and related test frameworks to prevent access by malicious code.
Mar 19, 2020 7:44:35 PM org.openqa.selenium.remote.ProtocolHandshake createSession
INFO: Detected dialect: W3C
[1584665076.112][SEVERE]: Timed out receiving message from renderer: 0.100
[1584665076.215][SEVERE]: Timed out receiving message from renderer: 0.100
[1584665076.317][SEVERE]: Timed out receiving message from renderer: 0.100
[1584665076.420][SEVERE]: Timed out receiving message from renderer: 0.100
[1584665076.523][SEVERE]: Timed out receiving message from renderer: 0.100
[1584665076.626][SEVERE]: Timed out receiving message from renderer: 0.100
[1584665076.730][SEVERE]: Timed out receiving message from renderer: 0.100
[1584665076.832][SEVERE]: Timed out receiving message from renderer: 0.100
[1584665077.083][SEVERE]: Timed out receiving message from renderer: 0.100
[1584665077.279][SEVERE]: Timed out receiving message from renderer: 0.100
[1584665077.382][SEVERE]: Timed out receiving message from renderer: 0.100
[1584665077.553][SEVERE]: Timed out receiving message from renderer: 0.100
[1584665077.668][SEVERE]: Timed out receiving message from renderer: 0.100
[1584665077.891][SEVERE]: Timed out receiving message from renderer: 0.100
[1584665077.994][SEVERE]: Timed out receiving message from renderer: 0.100
[1584665078.096][SEVERE]: Timed out receiving message from renderer: 0.100
[1584665080.065][SEVERE]: Timed out receiving message from renderer: 0.100
[1584665080.168][SEVERE]: Timed out receiving message from renderer: 0.100
[1584665080.270][SEVERE]: Timed out receiving message from renderer: 0.100
[1584665080.373][SEVERE]: Timed out receiving message from renderer: 0.100
[1584665080.476][SEVERE]: Timed out receiving message from renderer: 0.100
[1584665080.579][SEVERE]: Timed out receiving message from renderer: 0.100
[1584665080.812][SEVERE]: Timed out receiving message from renderer: 0.100
[1584665080.915][SEVERE]: Timed out receiving message from renderer: 0.100
[1584665081.019][SEVERE]: Timed out receiving message from renderer: 0.100
</system-err>
  </testcase>
</testsuite>