<?xml version="1.0" encoding="UTF-8"?>
<testng-results ignored="0" total="1" passed="1" failed="0" skipped="0">
  <reporter-output>
  </reporter-output>
  <suite started-at="2020-02-18T12:00:09 COT" name="Default suite" finished-at="2020-02-18T12:00:22 COT" duration-ms="13271">
    <groups>
    </groups>
    <test started-at="2020-02-18T12:00:09 COT" name="Default test" finished-at="2020-02-18T12:00:22 COT" duration-ms="13271">
      <class name="OrangeHRM_TestCases.Logout_Test">
        <test-method is-config="true" signature="setupsuite()[pri:0, instance:OrangeHRM_TestCases.Logout_Test@6a01e23]" started-at="2020-02-18T12:00:08 COT" name="setupsuite" finished-at="2020-02-18T12:00:09 COT" duration-ms="219" status="PASS">
          <reporter-output>
          </reporter-output>
        </test-method> <!-- setupsuite -->
        <test-method is-config="true" signature="Setuptest()[pri:0, instance:OrangeHRM_TestCases.Logout_Test@6a01e23]" started-at="2020-02-18T12:00:09 COT" name="Setuptest" finished-at="2020-02-18T12:00:13 COT" duration-ms="4959" status="PASS">
          <reporter-output>
          </reporter-output>
        </test-method> <!-- Setuptest -->
        <test-method signature="Logout_valid()[pri:0, instance:OrangeHRM_TestCases.Logout_Test@6a01e23]" started-at="2020-02-18T12:00:14 COT" name="Logout_valid" finished-at="2020-02-18T12:00:21 COT" duration-ms="7063" status="PASS">
          <reporter-output>
          </reporter-output>
        </test-method> <!-- Logout_valid -->
        <test-method is-config="true" signature="teardownmethod(org.testng.ITestResult)[pri:0, instance:OrangeHRM_TestCases.Logout_Test@6a01e23]" started-at="2020-02-18T12:00:21 COT" name="teardownmethod" finished-at="2020-02-18T12:00:22 COT" duration-ms="1102" status="PASS">
          <params>
            <param index="0">
              <value>
                <![CDATA[[TestResult name=Logout_valid status=SUCCESS method=Logout_Test.Logout_valid()[pri:0, instance:OrangeHRM_TestCases.Logout_Test@6a01e23] output={null}]]]>
              </value>
            </param>
          </params>
          <reporter-output>
          </reporter-output>
        </test-method> <!-- teardownmethod -->
        <test-method is-config="true" signature="teardowntest()[pri:0, instance:OrangeHRM_TestCases.Logout_Test@6a01e23]" started-at="2020-02-18T12:00:22 COT" name="teardowntest" finished-at="2020-02-18T12:00:22 COT" duration-ms="120" status="PASS">
          <reporter-output>
          </reporter-output>
        </test-method> <!-- teardowntest -->
      </class> <!-- OrangeHRM_TestCases.Logout_Test -->
    </test> <!-- Default test -->
  </suite> <!-- Default suite -->
</testng-results>
